Determining if the pthread_create exist failed with the following output:
Change Dir: /home/cs18/assignment8/build/CMakeFiles/CMakeTmp

Run Build Command:"/usr/bin/make" "cmTC_5e744/fast"
/usr/bin/make -f CMakeFiles/cmTC_5e744.dir/build.make CMakeFiles/cmTC_5e744.dir/build
make[1]: Entering directory '/home/cs18/assignment8/build/CMakeFiles/CMakeTmp'
Building C object CMakeFiles/cmTC_5e744.dir/CheckSymbolExists.c.o
/usr/bin/cc    -o CMakeFiles/cmTC_5e744.dir/CheckSymbolExists.c.o   -c /home/cs18/assignment8/build/CMakeFiles/CMakeTmp/CheckSymbolExists.c
Linking C executable cmTC_5e744
/usr/bin/cmake -E cmake_link_script CMakeFiles/cmTC_5e744.dir/link.txt --verbose=1
/usr/bin/cc      -rdynamic CMakeFiles/cmTC_5e744.dir/CheckSymbolExists.c.o  -o cmTC_5e744 
CMakeFiles/cmTC_5e744.dir/CheckSymbolExists.c.o: In function `main':
CheckSymbolExists.c:(.text+0x1b): undefined reference to `pthread_create'
collect2: error: ld returned 1 exit status
CMakeFiles/cmTC_5e744.dir/build.make:97: recipe for target 'cmTC_5e744' failed
make[1]: *** [cmTC_5e744] Error 1
make[1]: Leaving directory '/home/cs18/assignment8/build/CMakeFiles/CMakeTmp'
Makefile:126: recipe for target 'cmTC_5e744/fast' failed
make: *** [cmTC_5e744/fast] Error 2

File /home/cs18/assignment8/build/CMakeFiles/CMakeTmp/CheckSymbolExists.c:
/* */
#include <pthread.h>

int main(int argc, char** argv)
{
  (void)argv;
#ifndef pthread_create
  return ((int*)(&pthread_create))[argc];
#else
  (void)argc;
  return 0;
#endif
}

Determining if the function pthread_create exists in the pthreads failed with the following output:
Change Dir: /home/cs18/assignment8/build/CMakeFiles/CMakeTmp

Run Build Command:"/usr/bin/make" "cmTC_90740/fast"
/usr/bin/make -f CMakeFiles/cmTC_90740.dir/build.make CMakeFiles/cmTC_90740.dir/build
make[1]: Entering directory '/home/cs18/assignment8/build/CMakeFiles/CMakeTmp'
Building C object CMakeFiles/cmTC_90740.dir/CheckFunctionExists.c.o
/usr/bin/cc   -DCHECK_FUNCTION_EXISTS=pthread_create   -o CMakeFiles/cmTC_90740.dir/CheckFunctionExists.c.o   -c /usr/share/cmake-3.10/Modules/CheckFunctionExists.c
Linking C executable cmTC_90740
/usr/bin/cmake -E cmake_link_script CMakeFiles/cmTC_90740.dir/link.txt --verbose=1
/usr/bin/cc  -DCHECK_FUNCTION_EXISTS=pthread_create    -rdynamic CMakeFiles/cmTC_90740.dir/CheckFunctionExists.c.o  -o cmTC_90740 -lpthreads 
/usr/bin/ld: cannot find -lpthreads
collect2: error: ld returned 1 exit status
CMakeFiles/cmTC_90740.dir/build.make:97: recipe for target 'cmTC_90740' failed
make[1]: *** [cmTC_90740] Error 1
make[1]: Leaving directory '/home/cs18/assignment8/build/CMakeFiles/CMakeTmp'
Makefile:126: recipe for target 'cmTC_90740/fast' failed
make: *** [cmTC_90740/fast] Error 2


Determining if the function glXGetProcAddressEXT exists failed with the following output:
Change Dir: /home/cs18/assignment8/build/CMakeFiles/CMakeTmp

Run Build Command:"/usr/bin/make" "cmTC_bc2a8/fast"
/usr/bin/make -f CMakeFiles/cmTC_bc2a8.dir/build.make CMakeFiles/cmTC_bc2a8.dir/build
make[1]: Entering directory '/home/cs18/assignment8/build/CMakeFiles/CMakeTmp'
Building C object CMakeFiles/cmTC_bc2a8.dir/CheckFunctionExists.c.o
/usr/bin/cc   -DCHECK_FUNCTION_EXISTS=glXGetProcAddressEXT   -o CMakeFiles/cmTC_bc2a8.dir/CheckFunctionExists.c.o   -c /usr/share/cmake-3.10/Modules/CheckFunctionExists.c
Linking C executable cmTC_bc2a8
/usr/bin/cmake -E cmake_link_script CMakeFiles/cmTC_bc2a8.dir/link.txt --verbose=1
/usr/bin/cc  -DCHECK_FUNCTION_EXISTS=glXGetProcAddressEXT    -rdynamic CMakeFiles/cmTC_bc2a8.dir/CheckFunctionExists.c.o  -o cmTC_bc2a8 /usr/lib/x86_64-linux-gnu/libGL.so 
CMakeFiles/cmTC_bc2a8.dir/CheckFunctionExists.c.o: In function `main':
CheckFunctionExists.c:(.text+0x10): undefined reference to `glXGetProcAddressEXT'
collect2: error: ld returned 1 exit status
CMakeFiles/cmTC_bc2a8.dir/build.make:98: recipe for target 'cmTC_bc2a8' failed
make[1]: *** [cmTC_bc2a8] Error 1
make[1]: Leaving directory '/home/cs18/assignment8/build/CMakeFiles/CMakeTmp'
Makefile:126: recipe for target 'cmTC_bc2a8/fast' failed
make: *** [cmTC_bc2a8/fast] Error 2


